# JRE version: Java(TM) SE Runtime Environment (8.0_161-b12) (build 1.8.0_161-b12)
# Java VM: Java HotSpot(TM) 64-Bit Server VM (25.161-b12 mixed mode bsd-amd64 compressed oops)
Heap:
 par new generation   total 589824K, used 288755K [0x000000073a400000, 0x0000000762400000, 0x000000077d200000)
  eden space 524288K,  54% used [0x000000073a400000, 0x000000074b9923e8, 0x000000075a400000)
  from space 65536K,   6% used [0x000000075a400000, 0x000000075a86a900, 0x000000075e400000)
  to   space 65536K,   0% used [0x000000075e400000, 0x000000075e400000, 0x0000000762400000)
 concurrent mark-sweep generation total 655360K, used 84820K [0x000000077d200000, 0x00000007a5200000, 0x00000007c0000000)
 Metaspace       used 6574K, capacity 6702K, committed 6912K, reserved 1056768K
  class space    used 739K, capacity 757K, committed 768K, reserved 1048576K
GC Heap History (10 events):
Event: 386.412 GC heap before
{Heap before GC invocations=47 (full 0):
 par new generation   total 589824K, used 534541K [0x000000073a400000, 0x0000000762400000, 0x000000077d200000)
  eden space 524288K,  99% used [0x000000073a400000, 0x000000075a3ff258, 0x000000075a400000)
  from space 65536K,  15% used [0x000000075e400000, 0x000000075ee042a0, 0x0000000762400000)
  to   space 65536K,   0% used [0x000000075a400000, 0x000000075a400000, 0x000000075e400000)
 concurrent mark-sweep generation total 655360K, used 76512K [0x000000077d200000, 0x00000007a5200000, 0x00000007c0000000)
 Metaspace       used 6572K, capacity 6702K, committed 6912K, reserved 1056768K
  class space    used 739K, capacity 757K, committed 768K, reserved 1048576K
Event: 386.421 GC heap after
Heap after GC invocations=48 (full 0):
 par new generation   total 589824K, used 12942K [0x000000073a400000, 0x0000000762400000, 0x000000077d200000)
  eden space 524288K,   0% used [0x000000073a400000, 0x000000073a400000, 0x000000075a400000)
  from space 65536K,  19% used [0x000000075a400000, 0x000000075b0a3ac8, 0x000000075e400000)
  to   space 65536K,   0% used [0x000000075e400000, 0x000000075e400000, 0x0000000762400000)
 concurrent mark-sweep generation total 655360K, used 77550K [0x000000077d200000, 0x00000007a5200000, 0x00000007c0000000)
 Metaspace       used 6572K, capacity 6702K, committed 6912K, reserved 1056768K
  class space    used 739K, capacity 757K, committed 768K, reserved 1048576K
}
Event: 392.537 GC heap before
{Heap before GC invocations=48 (full 0):
 par new generation   total 589824K, used 537230K [0x000000073a400000, 0x0000000762400000, 0x000000077d200000)
  eden space 524288K, 100% used [0x000000073a400000, 0x000000075a400000, 0x000000075a400000)
  from space 65536K,  19% used [0x000000075a400000, 0x000000075b0a3ac8, 0x000000075e400000)
  to   space 65536K,   0% used [0x000000075e400000, 0x000000075e400000, 0x0000000762400000)
 concurrent mark-sweep generation total 655360K, used 77550K [0x000000077d200000, 0x00000007a5200000, 0x00000007c0000000)
 Metaspace       used 6572K, capacity 6702K, committed 6912K, reserved 1056768K
  class space    used 739K, capacity 757K, committed 768K, reserved 1048576K
Event: 392.547 GC heap after
Heap after GC invocations=49 (full 0):
 par new generation   total 589824K, used 9087K [0x000000073a400000, 0x0000000762400000, 0x000000077d200000)
  eden space 524288K,   0% used [0x000000073a400000, 0x000000073a400000, 0x000000075a400000)
  from space 65536K,  13% used [0x000000075e400000, 0x000000075ecdfd10, 0x0000000762400000)
  to   space 65536K,   0% used [0x000000075a400000, 0x000000075a400000, 0x000000075e400000)
 concurrent mark-sweep generation total 655360K, used 79766K [0x000000077d200000, 0x00000007a5200000, 0x00000007c0000000)
 Metaspace       used 6572K, capacity 6702K, committed 6912K, reserved 1056768K
  class space    used 739K, capacity 757K, committed 768K, reserved 1048576K
}
Event: 397.473 GC heap before
{Heap before GC invocations=49 (full 0):
 par new generation   total 589824K, used 533375K [0x000000073a400000, 0x0000000762400000, 0x000000077d200000)
  eden space 524288K, 100% used [0x000000073a400000, 0x000000075a400000, 0x000000075a400000)
  from space 65536K,  13% used [0x000000075e400000, 0x000000075ecdfd10, 0x0000000762400000)
  to   space 65536K,   0% used [0x000000075a400000, 0x000000075a400000, 0x000000075e400000)
 concurrent mark-sweep generation total 655360K, used 79766K [0x000000077d200000, 0x00000007a5200000, 0x00000007c0000000)
 Metaspace       used 6573K, capacity 6702K, committed 6912K, reserved 1056768K
  class space    used 739K, capacity 757K, committed 768K, reserved 1048576K
Event: 397.483 GC heap after
Heap after GC invocations=50 (full 0):
 par new generation   total 589824K, used 10320K [0x000000073a400000, 0x0000000762400000, 0x000000077d200000)
  eden space 524288K,   0% used [0x000000073a400000, 0x000000073a400000, 0x000000075a400000)
  from space 65536K,  15% used [0x000000075a400000, 0x000000075ae14050, 0x000000075e400000)
  to   space 65536K,   0% used [0x000000075e400000, 0x000000075e400000, 0x0000000762400000)
 concurrent mark-sweep generation total 655360K, used 80759K [0x000000077d200000, 0x00000007a5200000, 0x00000007c0000000)
 Metaspace       used 6573K, capacity 6702K, committed 6912K, reserved 1056768K
  class space    used 739K, capacity 757K, committed 768K, reserved 1048576K
}
Event: 399.017 GC heap before
{Heap before GC invocations=50 (full 0):
 par new generation   total 589824K, used 534608K [0x000000073a400000, 0x0000000762400000, 0x000000077d200000)
  eden space 524288K, 100% used [0x000000073a400000, 0x000000075a400000, 0x000000075a400000)
  from space 65536K,  15% used [0x000000075a400000, 0x000000075ae14050, 0x000000075e400000)
  to   space 65536K,   0% used [0x000000075e400000, 0x000000075e400000, 0x0000000762400000)
 concurrent mark-sweep generation total 655360K, used 80759K [0x000000077d200000, 0x00000007a5200000, 0x00000007c0000000)
 Metaspace       used 6574K, capacity 6702K, committed 6912K, reserved 1056768K
  class space    used 739K, capacity 757K, committed 768K, reserved 1048576K
Event: 399.027 GC heap after
Heap after GC invocations=51 (full 0):
 par new generation   total 589824K, used 5185K [0x000000073a400000, 0x0000000762400000, 0x000000077d200000)
  eden space 524288K,   0% used [0x000000073a400000, 0x000000073a400000, 0x000000075a400000)
  from space 65536K,   7% used [0x000000075e400000, 0x000000075e9104c0, 0x0000000762400000)
  to   space 65536K,   0% used [0x000000075a400000, 0x000000075a400000, 0x000000075e400000)
 concurrent mark-sweep generation total 655360K, used 83802K [0x000000077d200000, 0x00000007a5200000, 0x00000007c0000000)
 Metaspace       used 6574K, capacity 6702K, committed 6912K, reserved 1056768K
  class space    used 739K, capacity 757K, committed 768K, reserved 1048576K
}
Event: 400.606 GC heap before
{Heap before GC invocations=51 (full 0):
 par new generation   total 589824K, used 529473K [0x000000073a400000, 0x0000000762400000, 0x000000077d200000)
  eden space 524288K, 100% used [0x000000073a400000, 0x000000075a400000, 0x000000075a400000)
  from space 65536K,   7% used [0x000000075e400000, 0x000000075e9104c0, 0x0000000762400000)
  to   space 65536K,   0% used [0x000000075a400000, 0x000000075a400000, 0x000000075e400000)
 concurrent mark-sweep generation total 655360K, used 83802K [0x000000077d200000, 0x00000007a5200000, 0x00000007c0000000)
 Metaspace       used 6574K, capacity 6702K, committed 6912K, reserved 1056768K
  class space    used 739K, capacity 757K, committed 768K, reserved 1048576K
Event: 400.611 GC heap after
Heap after GC invocations=52 (full 0):
 par new generation   total 589824K, used 4522K [0x000000073a400000, 0x0000000762400000, 0x000000077d200000)
  eden space 524288K,   0% used [0x000000073a400000, 0x000000073a400000, 0x000000075a400000)
  from space 65536K,   6% used [0x000000075a400000, 0x000000075a86a900, 0x000000075e400000)
  to   space 65536K,   0% used [0x000000075e400000, 0x000000075e400000, 0x0000000762400000)
 concurrent mark-sweep generation total 655360K, used 84820K [0x000000077d200000, 0x00000007a5200000, 0x00000007c0000000)
 Metaspace       used 6574K, capacity 6702K, committed 6912K, reserved 1056768K
  class space    used 739K, capacity 757K, committed 768K, reserved 1048576K
}

