# JRE version: Java(TM) SE Runtime Environment (8.0_161-b12) (build 1.8.0_161-b12)
# Java VM: Java HotSpot(TM) 64-Bit Server VM (25.161-b12 mixed mode bsd-amd64 compressed oops)
Heap:
 par new generation   total 589824K, used 299360K [0x0000000759800000, 0x0000000781800000, 0x000000078cc00000)
  eden space 524288K,  44% used [0x0000000759800000, 0x0000000767c580a8, 0x0000000779800000)
  from space 65536K, 100% used [0x000000077d800000, 0x0000000781800000, 0x0000000781800000)
  to   space 65536K,   0% used [0x0000000779800000, 0x0000000779800000, 0x000000077d800000)
 concurrent mark-sweep generation total 655360K, used 259348K [0x000000078cc00000, 0x00000007b4c00000, 0x00000007c0000000)
 Metaspace       used 5799K, capacity 5922K, committed 6144K, reserved 1056768K
  class space    used 663K, capacity 691K, committed 768K, reserved 1048576K
GC Heap History (10 events):
Event: 2.470 GC heap before
{Heap before GC invocations=0 (full 0):
 par new generation   total 589824K, used 524288K [0x0000000759800000, 0x0000000781800000, 0x000000078cc00000)
  eden space 524288K, 100% used [0x0000000759800000, 0x0000000779800000, 0x0000000779800000)
  from space 65536K,   0% used [0x0000000779800000, 0x0000000779800000, 0x000000077d800000)
  to   space 65536K,   0% used [0x000000077d800000, 0x000000077d800000, 0x0000000781800000)
 concurrent mark-sweep generation total 655360K, used 0K [0x000000078cc00000, 0x00000007b4c00000, 0x00000007c0000000)
 Metaspace       used 5564K, capacity 5616K, committed 5888K, reserved 1056768K
  class space    used 640K, capacity 656K, committed 768K, reserved 1048576K
Event: 2.501 GC heap after
Heap after GC invocations=1 (full 0):
 par new generation   total 589824K, used 58628K [0x0000000759800000, 0x0000000781800000, 0x000000078cc00000)
  eden space 524288K,   0% used [0x0000000759800000, 0x0000000759800000, 0x0000000779800000)
  from space 65536K,  89% used [0x000000077d800000, 0x0000000781141090, 0x0000000781800000)
  to   space 65536K,   0% used [0x0000000779800000, 0x0000000779800000, 0x000000077d800000)
 concurrent mark-sweep generation total 655360K, used 0K [0x000000078cc00000, 0x00000007b4c00000, 0x00000007c0000000)
 Metaspace       used 5564K, capacity 5616K, committed 5888K, reserved 1056768K
  class space    used 640K, capacity 656K, committed 768K, reserved 1048576K
}
Event: 10.812 GC heap before
{Heap before GC invocations=1 (full 0):
 par new generation   total 589824K, used 582916K [0x0000000759800000, 0x0000000781800000, 0x000000078cc00000)
  eden space 524288K, 100% used [0x0000000759800000, 0x0000000779800000, 0x0000000779800000)
  from space 65536K,  89% used [0x000000077d800000, 0x0000000781141090, 0x0000000781800000)
  to   space 65536K,   0% used [0x0000000779800000, 0x0000000779800000, 0x000000077d800000)
 concurrent mark-sweep generation total 655360K, used 0K [0x000000078cc00000, 0x00000007b4c00000, 0x00000007c0000000)
 Metaspace       used 5583K, capacity 5616K, committed 5888K, reserved 1056768K
  class space    used 641K, capacity 656K, committed 768K, reserved 1048576K
Event: 10.900 GC heap after
Heap after GC invocations=2 (full 0):
 par new generation   total 589824K, used 65367K [0x0000000759800000, 0x0000000781800000, 0x000000078cc00000)
  eden space 524288K,   0% used [0x0000000759800000, 0x0000000759800000, 0x0000000779800000)
  from space 65536K,  99% used [0x0000000779800000, 0x000000077d7d5f00, 0x000000077d800000)
  to   space 65536K,   0% used [0x000000077d800000, 0x000000077d800000, 0x0000000781800000)
 concurrent mark-sweep generation total 655360K, used 58378K [0x000000078cc00000, 0x00000007b4c00000, 0x00000007c0000000)
 Metaspace       used 5583K, capacity 5616K, committed 5888K, reserved 1056768K
  class space    used 641K, capacity 656K, committed 768K, reserved 1048576K
}
Event: 17.642 GC heap before
{Heap before GC invocations=2 (full 0):
 par new generation   total 589824K, used 589655K [0x0000000759800000, 0x0000000781800000, 0x000000078cc00000)
  eden space 524288K, 100% used [0x0000000759800000, 0x0000000779800000, 0x0000000779800000)
  from space 65536K,  99% used [0x0000000779800000, 0x000000077d7d5f00, 0x000000077d800000)
  to   space 65536K,   0% used [0x000000077d800000, 0x000000077d800000, 0x0000000781800000)
 concurrent mark-sweep generation total 655360K, used 58378K [0x000000078cc00000, 0x00000007b4c00000, 0x00000007c0000000)
 Metaspace       used 5583K, capacity 5616K, committed 5888K, reserved 1056768K
  class space    used 641K, capacity 656K, committed 768K, reserved 1048576K
Event: 17.744 GC heap after
Heap after GC invocations=3 (full 0):
 par new generation   total 589824K, used 65536K [0x0000000759800000, 0x0000000781800000, 0x000000078cc00000)
  eden space 524288K,   0% used [0x0000000759800000, 0x0000000759800000, 0x0000000779800000)
  from space 65536K, 100% used [0x000000077d800000, 0x0000000781800000, 0x0000000781800000)
  to   space 65536K,   0% used [0x0000000779800000, 0x0000000779800000, 0x000000077d800000)
 concurrent mark-sweep generation total 655360K, used 133298K [0x000000078cc00000, 0x00000007b4c00000, 0x00000007c0000000)
 Metaspace       used 5583K, capacity 5616K, committed 5888K, reserved 1056768K
  class space    used 641K, capacity 656K, committed 768K, reserved 1048576K
}
Event: 24.547 GC heap before
{Heap before GC invocations=3 (full 0):
 par new generation   total 589824K, used 589824K [0x0000000759800000, 0x0000000781800000, 0x000000078cc00000)
  eden space 524288K, 100% used [0x0000000759800000, 0x0000000779800000, 0x0000000779800000)
  from space 65536K, 100% used [0x000000077d800000, 0x0000000781800000, 0x0000000781800000)
  to   space 65536K,   0% used [0x0000000779800000, 0x0000000779800000, 0x000000077d800000)
 concurrent mark-sweep generation total 655360K, used 133298K [0x000000078cc00000, 0x00000007b4c00000, 0x00000007c0000000)
 Metaspace       used 5583K, capacity 5616K, committed 5888K, reserved 1056768K
  class space    used 641K, capacity 656K, committed 768K, reserved 1048576K
Event: 24.630 GC heap after
Heap after GC invocations=4 (full 0):
 par new generation   total 589824K, used 65536K [0x0000000759800000, 0x0000000781800000, 0x000000078cc00000)
  eden space 524288K,   0% used [0x0000000759800000, 0x0000000759800000, 0x0000000779800000)
  from space 65536K, 100% used [0x0000000779800000, 0x000000077d800000, 0x000000077d800000)
  to   space 65536K,   0% used [0x000000077d800000, 0x000000077d800000, 0x0000000781800000)
 concurrent mark-sweep generation total 655360K, used 194690K [0x000000078cc00000, 0x00000007b4c00000, 0x00000007c0000000)
 Metaspace       used 5583K, capacity 5616K, committed 5888K, reserved 1056768K
  class space    used 641K, capacity 656K, committed 768K, reserved 1048576K
}
Event: 30.828 GC heap before
{Heap before GC invocations=4 (full 0):
 par new generation   total 589824K, used 589824K [0x0000000759800000, 0x0000000781800000, 0x000000078cc00000)
  eden space 524288K, 100% used [0x0000000759800000, 0x0000000779800000, 0x0000000779800000)
  from space 65536K, 100% used [0x0000000779800000, 0x000000077d800000, 0x000000077d800000)
  to   space 65536K,   0% used [0x000000077d800000, 0x000000077d800000, 0x0000000781800000)
 concurrent mark-sweep generation total 655360K, used 194690K [0x000000078cc00000, 0x00000007b4c00000, 0x00000007c0000000)
 Metaspace       used 5587K, capacity 5680K, committed 5888K, reserved 1056768K
  class space    used 641K, capacity 656K, committed 768K, reserved 1048576K
Event: 30.913 GC heap after
Heap after GC invocations=5 (full 0):
 par new generation   total 589824K, used 65536K [0x0000000759800000, 0x0000000781800000, 0x000000078cc00000)
  eden space 524288K,   0% used [0x0000000759800000, 0x0000000759800000, 0x0000000779800000)
  from space 65536K, 100% used [0x000000077d800000, 0x0000000781800000, 0x0000000781800000)
  to   space 65536K,   0% used [0x0000000779800000, 0x0000000779800000, 0x000000077d800000)
 concurrent mark-sweep generation total 655360K, used 259348K [0x000000078cc00000, 0x00000007b4c00000, 0x00000007c0000000)
 Metaspace       used 5587K, capacity 5680K, committed 5888K, reserved 1056768K
  class space    used 641K, capacity 656K, committed 768K, reserved 1048576K
}

