# JRE version: Java(TM) SE Runtime Environment (8.0_161-b12) (build 1.8.0_161-b12)
# Java VM: Java HotSpot(TM) 64-Bit Server VM (25.161-b12 mixed mode bsd-amd64 compressed oops)
Heap:
 par new generation   total 589824K, used 206902K [0x000000073a400000, 0x0000000762400000, 0x000000077d200000)
  eden space 524288K,  38% used [0x000000073a400000, 0x0000000746a6ae90, 0x000000075a400000)
  from space 65536K,   5% used [0x000000075e400000, 0x000000075e7a2980, 0x0000000762400000)
  to   space 65536K,   0% used [0x000000075a400000, 0x000000075a400000, 0x000000075e400000)
 concurrent mark-sweep generation total 655360K, used 85255K [0x000000077d200000, 0x00000007a5200000, 0x00000007c0000000)
 Metaspace       used 6577K, capacity 6702K, committed 6912K, reserved 1056768K
  class space    used 739K, capacity 757K, committed 768K, reserved 1048576K
GC Heap History (10 events):
Event: 406.981 GC heap before
{Heap before GC invocations=48 (full 0):
 par new generation   total 589824K, used 533200K [0x000000073a400000, 0x0000000762400000, 0x000000077d200000)
  eden space 524288K,  99% used [0x000000073a400000, 0x000000075a3fff40, 0x000000075a400000)
  from space 65536K,  13% used [0x000000075a400000, 0x000000075acb4390, 0x000000075e400000)
  to   space 65536K,   0% used [0x000000075e400000, 0x000000075e400000, 0x0000000762400000)
 concurrent mark-sweep generation total 655360K, used 78054K [0x000000077d200000, 0x00000007a5200000, 0x00000007c0000000)
 Metaspace       used 6575K, capacity 6702K, committed 6912K, reserved 1056768K
  class space    used 739K, capacity 757K, committed 768K, reserved 1048576K
Event: 406.990 GC heap after
Heap after GC invocations=49 (full 0):
 par new generation   total 589824K, used 12365K [0x000000073a400000, 0x0000000762400000, 0x000000077d200000)
  eden space 524288K,   0% used [0x000000073a400000, 0x000000073a400000, 0x000000075a400000)
  from space 65536K,  18% used [0x000000075e400000, 0x000000075f013590, 0x0000000762400000)
  to   space 65536K,   0% used [0x000000075a400000, 0x000000075a400000, 0x000000075e400000)
 concurrent mark-sweep generation total 655360K, used 79037K [0x000000077d200000, 0x00000007a5200000, 0x00000007c0000000)
 Metaspace       used 6575K, capacity 6702K, committed 6912K, reserved 1056768K
  class space    used 739K, capacity 757K, committed 768K, reserved 1048576K
}
Event: 412.698 GC heap before
{Heap before GC invocations=49 (full 0):
 par new generation   total 589824K, used 536641K [0x000000073a400000, 0x0000000762400000, 0x000000077d200000)
  eden space 524288K,  99% used [0x000000073a400000, 0x000000075a3fd028, 0x000000075a400000)
  from space 65536K,  18% used [0x000000075e400000, 0x000000075f013590, 0x0000000762400000)
  to   space 65536K,   0% used [0x000000075a400000, 0x000000075a400000, 0x000000075e400000)
 concurrent mark-sweep generation total 655360K, used 79037K [0x000000077d200000, 0x00000007a5200000, 0x00000007c0000000)
 Metaspace       used 6576K, capacity 6702K, committed 6912K, reserved 1056768K
  class space    used 739K, capacity 757K, committed 768K, reserved 1048576K
Event: 412.707 GC heap after
Heap after GC invocations=50 (full 0):
 par new generation   total 589824K, used 8907K [0x000000073a400000, 0x0000000762400000, 0x000000077d200000)
  eden space 524288K,   0% used [0x000000073a400000, 0x000000073a400000, 0x000000075a400000)
  from space 65536K,  13% used [0x000000075a400000, 0x000000075acb2e10, 0x000000075e400000)
  to   space 65536K,   0% used [0x000000075e400000, 0x000000075e400000, 0x0000000762400000)
 concurrent mark-sweep generation total 655360K, used 80036K [0x000000077d200000, 0x00000007a5200000, 0x00000007c0000000)
 Metaspace       used 6576K, capacity 6702K, committed 6912K, reserved 1056768K
  class space    used 739K, capacity 757K, committed 768K, reserved 1048576K
}
Event: 416.360 GC heap before
{Heap before GC invocations=50 (full 0):
 par new generation   total 589824K, used 533195K [0x000000073a400000, 0x0000000762400000, 0x000000077d200000)
  eden space 524288K, 100% used [0x000000073a400000, 0x000000075a400000, 0x000000075a400000)
  from space 65536K,  13% used [0x000000075a400000, 0x000000075acb2e10, 0x000000075e400000)
  to   space 65536K,   0% used [0x000000075e400000, 0x000000075e400000, 0x0000000762400000)
 concurrent mark-sweep generation total 655360K, used 80036K [0x000000077d200000, 0x00000007a5200000, 0x00000007c0000000)
 Metaspace       used 6577K, capacity 6702K, committed 6912K, reserved 1056768K
  class space    used 739K, capacity 757K, committed 768K, reserved 1048576K
Event: 416.369 GC heap after
Heap after GC invocations=51 (full 0):
 par new generation   total 589824K, used 10890K [0x000000073a400000, 0x0000000762400000, 0x000000077d200000)
  eden space 524288K,   0% used [0x000000073a400000, 0x000000073a400000, 0x000000075a400000)
  from space 65536K,  16% used [0x000000075e400000, 0x000000075eea2950, 0x0000000762400000)
  to   space 65536K,   0% used [0x000000075a400000, 0x000000075a400000, 0x000000075e400000)
 concurrent mark-sweep generation total 655360K, used 81113K [0x000000077d200000, 0x00000007a5200000, 0x00000007c0000000)
 Metaspace       used 6577K, capacity 6702K, committed 6912K, reserved 1056768K
  class space    used 739K, capacity 757K, committed 768K, reserved 1048576K
}
Event: 417.819 GC heap before
{Heap before GC invocations=51 (full 0):
 par new generation   total 589824K, used 535178K [0x000000073a400000, 0x0000000762400000, 0x000000077d200000)
  eden space 524288K, 100% used [0x000000073a400000, 0x000000075a400000, 0x000000075a400000)
  from space 65536K,  16% used [0x000000075e400000, 0x000000075eea2950, 0x0000000762400000)
  to   space 65536K,   0% used [0x000000075a400000, 0x000000075a400000, 0x000000075e400000)
 concurrent mark-sweep generation total 655360K, used 81113K [0x000000077d200000, 0x00000007a5200000, 0x00000007c0000000)
 Metaspace       used 6577K, capacity 6702K, committed 6912K, reserved 1056768K
  class space    used 739K, capacity 757K, committed 768K, reserved 1048576K
Event: 417.829 GC heap after
Heap after GC invocations=52 (full 0):
 par new generation   total 589824K, used 6166K [0x000000073a400000, 0x0000000762400000, 0x000000077d200000)
  eden space 524288K,   0% used [0x000000073a400000, 0x000000073a400000, 0x000000075a400000)
  from space 65536K,   9% used [0x000000075a400000, 0x000000075aa05880, 0x000000075e400000)
  to   space 65536K,   0% used [0x000000075e400000, 0x000000075e400000, 0x0000000762400000)
 concurrent mark-sweep generation total 655360K, used 84242K [0x000000077d200000, 0x00000007a5200000, 0x00000007c0000000)
 Metaspace       used 6577K, capacity 6702K, committed 6912K, reserved 1056768K
  class space    used 739K, capacity 757K, committed 768K, reserved 1048576K
}
Event: 419.281 GC heap before
{Heap before GC invocations=52 (full 0):
 par new generation   total 589824K, used 530454K [0x000000073a400000, 0x0000000762400000, 0x000000077d200000)
  eden space 524288K, 100% used [0x000000073a400000, 0x000000075a400000, 0x000000075a400000)
  from space 65536K,   9% used [0x000000075a400000, 0x000000075aa05880, 0x000000075e400000)
  to   space 65536K,   0% used [0x000000075e400000, 0x000000075e400000, 0x0000000762400000)
 concurrent mark-sweep generation total 655360K, used 84242K [0x000000077d200000, 0x00000007a5200000, 0x00000007c0000000)
 Metaspace       used 6577K, capacity 6702K, committed 6912K, reserved 1056768K
  class space    used 739K, capacity 757K, committed 768K, reserved 1048576K
Event: 419.286 GC heap after
Heap after GC invocations=53 (full 0):
 par new generation   total 589824K, used 3722K [0x000000073a400000, 0x0000000762400000, 0x000000077d200000)
  eden space 524288K,   0% used [0x000000073a400000, 0x000000073a400000, 0x000000075a400000)
  from space 65536K,   5% used [0x000000075e400000, 0x000000075e7a2980, 0x0000000762400000)
  to   space 65536K,   0% used [0x000000075a400000, 0x000000075a400000, 0x000000075e400000)
 concurrent mark-sweep generation total 655360K, used 85255K [0x000000077d200000, 0x00000007a5200000, 0x00000007c0000000)
 Metaspace       used 6577K, capacity 6702K, committed 6912K, reserved 1056768K
  class space    used 739K, capacity 757K, committed 768K, reserved 1048576K
}

